# JRE version: Java(TM) SE Runtime Environment (8.0_121-b13) (build 1.8.0_121-b13)
# Java VM: Java HotSpot(TM) 64-Bit Server VM (25.121-b13 mixed mode windows-amd64 compressed oops)
Heap:
 PSYoungGen      total 271872K, used 41774K [0x000000076b580000, 0x000000077f180000, 0x00000007c0000000)
  eden space 257536K, 16% used [0x000000076b580000,0x000000076de4bba8,0x000000077b100000)
  from space 14336K, 0% used [0x000000077e380000,0x000000077e380000,0x000000077f180000)
  to   space 11776K, 0% used [0x000000077b100000,0x000000077b100000,0x000000077bc80000)
 ParOldGen       total 184320K, used 20242K [0x00000006c2000000, 0x00000006cd400000, 0x000000076b580000)
  object space 184320K, 10% used [0x00000006c2000000,0x00000006c33c48b8,0x00000006cd400000)
 Metaspace       used 39758K, capacity 41395K, committed 41728K, reserved 1089536K
  class space    used 5468K, capacity 5812K, committed 5888K, reserved 1048576K
GC Heap History (10 events):
Event: 4.194 GC heap before
{Heap before GC invocations=7 (full 1):
 PSYoungGen      total 140800K, used 130048K [0x000000076b580000, 0x000000077cb80000, 0x00000007c0000000)
  eden space 130048K, 100% used [0x000000076b580000,0x0000000773480000,0x0000000773480000)
  from space 10752K, 0% used [0x0000000773480000,0x0000000773480000,0x0000000773f00000)
  to   space 12288K, 0% used [0x000000077bf80000,0x000000077bf80000,0x000000077cb80000)
 ParOldGen       total 107520K, used 11404K [0x00000006c2000000, 0x00000006c8900000, 0x000000076b580000)
  object space 107520K, 10% used [0x00000006c2000000,0x00000006c2b23050,0x00000006c8900000)
 Metaspace       used 25318K, capacity 26567K, committed 26880K, reserved 1073152K
  class space    used 3459K, capacity 3722K, committed 3840K, reserved 1048576K
Event: 4.203 GC heap after
Heap after GC invocations=7 (full 1):
 PSYoungGen      total 205824K, used 8548K [0x000000076b580000, 0x000000077c800000, 0x00000007c0000000)
  eden space 197120K, 0% used [0x000000076b580000,0x000000076b580000,0x0000000777600000)
  from space 8704K, 98% used [0x000000077bf80000,0x000000077c7d9080,0x000000077c800000)
  to   space 11776K, 0% used [0x000000077b100000,0x000000077b100000,0x000000077bc80000)
 ParOldGen       total 107520K, used 11412K [0x00000006c2000000, 0x00000006c8900000, 0x000000076b580000)
  object space 107520K, 10% used [0x00000006c2000000,0x00000006c2b25050,0x00000006c8900000)
 Metaspace       used 25318K, capacity 26567K, committed 26880K, reserved 1073152K
  class space    used 3459K, capacity 3722K, committed 3840K, reserved 1048576K
}
Event: 5.183 GC heap before
{Heap before GC invocations=8 (full 1):
 PSYoungGen      total 205824K, used 103579K [0x000000076b580000, 0x000000077c800000, 0x00000007c0000000)
  eden space 197120K, 48% used [0x000000076b580000,0x000000077124dde0,0x0000000777600000)
  from space 8704K, 98% used [0x000000077bf80000,0x000000077c7d9080,0x000000077c800000)
  to   space 11776K, 0% used [0x000000077b100000,0x000000077b100000,0x000000077bc80000)
 ParOldGen       total 107520K, used 11412K [0x00000006c2000000, 0x00000006c8900000, 0x000000076b580000)
  object space 107520K, 10% used [0x00000006c2000000,0x00000006c2b25050,0x00000006c8900000)
 Metaspace       used 33915K, capacity 35443K, committed 35496K, reserved 1079296K
  class space    used 4552K, capacity 4858K, committed 4864K, reserved 1048576K
Event: 5.192 GC heap after
Heap after GC invocations=8 (full 1):
 PSYoungGen      total 269312K, used 11772K [0x000000076b580000, 0x000000077f180000, 0x00000007c0000000)
  eden space 257536K, 0% used [0x000000076b580000,0x000000076b580000,0x000000077b100000)
  from space 11776K, 99% used [0x000000077b100000,0x000000077bc7f278,0x000000077bc80000)
  to   space 14336K, 0% used [0x000000077e380000,0x000000077e380000,0x000000077f180000)
 ParOldGen       total 107520K, used 13455K [0x00000006c2000000, 0x00000006c8900000, 0x000000076b580000)
  object space 107520K, 12% used [0x00000006c2000000,0x00000006c2d23ed0,0x00000006c8900000)
 Metaspace       used 33915K, capacity 35443K, committed 35496K, reserved 1079296K
  class space    used 4552K, capacity 4858K, committed 4864K, reserved 1048576K
}
Event: 5.192 GC heap before
{Heap before GC invocations=9 (full 2):
 PSYoungGen      total 269312K, used 11772K [0x000000076b580000, 0x000000077f180000, 0x00000007c0000000)
  eden space 257536K, 0% used [0x000000076b580000,0x000000076b580000,0x000000077b100000)
  from space 11776K, 99% used [0x000000077b100000,0x000000077bc7f278,0x000000077bc80000)
  to   space 14336K, 0% used [0x000000077e380000,0x000000077e380000,0x000000077f180000)
 ParOldGen       total 107520K, used 13455K [0x00000006c2000000, 0x00000006c8900000, 0x000000076b580000)
  object space 107520K, 12% used [0x00000006c2000000,0x00000006c2d23ed0,0x00000006c8900000)
 Metaspace       used 33915K, capacity 35443K, committed 35496K, reserved 1079296K
  class space    used 4552K, capacity 4858K, committed 4864K, reserved 1048576K
Event: 5.273 GC heap after
Heap after GC invocations=9 (full 2):
 PSYoungGen      total 269312K, used 0K [0x000000076b580000, 0x000000077f180000, 0x00000007c0000000)
  eden space 257536K, 0% used [0x000000076b580000,0x000000076b580000,0x000000077b100000)
  from space 11776K, 0% used [0x000000077b100000,0x000000077b100000,0x000000077bc80000)
  to   space 14336K, 0% used [0x000000077e380000,0x000000077e380000,0x000000077f180000)
 ParOldGen       total 184320K, used 21926K [0x00000006c2000000, 0x00000006cd400000, 0x000000076b580000)
  object space 184320K, 11% used [0x00000006c2000000,0x00000006c3569b78,0x00000006cd400000)
 Metaspace       used 33915K, capacity 35443K, committed 35496K, reserved 1079296K
  class space    used 4552K, capacity 4858K, committed 4864K, reserved 1048576K
}
Event: 5.556 GC heap before
{Heap before GC invocations=10 (full 2):
 PSYoungGen      total 269312K, used 37772K [0x000000076b580000, 0x000000077f180000, 0x00000007c0000000)
  eden space 257536K, 14% used [0x000000076b580000,0x000000076da63168,0x000000077b100000)
  from space 11776K, 0% used [0x000000077b100000,0x000000077b100000,0x000000077bc80000)
  to   space 14336K, 0% used [0x000000077e380000,0x000000077e380000,0x000000077f180000)
 ParOldGen       total 184320K, used 21926K [0x00000006c2000000, 0x00000006cd400000, 0x000000076b580000)
  object space 184320K, 11% used [0x00000006c2000000,0x00000006c3569b78,0x00000006cd400000)
 Metaspace       used 36600K, capacity 38153K, committed 38272K, reserved 1089536K
  class space    used 4893K, capacity 5223K, committed 5248K, reserved 1048576K
Event: 5.560 GC heap after
Heap after GC invocations=10 (full 2):
 PSYoungGen      total 271872K, used 3373K [0x000000076b580000, 0x000000077f180000, 0x00000007c0000000)
  eden space 257536K, 0% used [0x000000076b580000,0x000000076b580000,0x000000077b100000)
  from space 14336K, 23% used [0x000000077e380000,0x000000077e6cb7b0,0x000000077f180000)
  to   space 11776K, 0% used [0x000000077b100000,0x000000077b100000,0x000000077bc80000)
 ParOldGen       total 184320K, used 21934K [0x00000006c2000000, 0x00000006cd400000, 0x000000076b580000)
  object space 184320K, 11% used [0x00000006c2000000,0x00000006c356bb78,0x00000006cd400000)
 Metaspace       used 36600K, capacity 38153K, committed 38272K, reserved 1089536K
  class space    used 4893K, capacity 5223K, committed 5248K, reserved 1048576K
}
Event: 5.560 GC heap before
{Heap before GC invocations=11 (full 3):
 PSYoungGen      total 271872K, used 3373K [0x000000076b580000, 0x000000077f180000, 0x00000007c0000000)
  eden space 257536K, 0% used [0x000000076b580000,0x000000076b580000,0x000000077b100000)
  from space 14336K, 23% used [0x000000077e380000,0x000000077e6cb7b0,0x000000077f180000)
  to   space 11776K, 0% used [0x000000077b100000,0x000000077b100000,0x000000077bc80000)
 ParOldGen       total 184320K, used 21934K [0x00000006c2000000, 0x00000006cd400000, 0x000000076b580000)
  object space 184320K, 11% used [0x00000006c2000000,0x00000006c356bb78,0x00000006cd400000)
 Metaspace       used 36600K, capacity 38153K, committed 38272K, reserved 1089536K
  class space    used 4893K, capacity 5223K, committed 5248K, reserved 1048576K
Event: 5.652 GC heap after
Heap after GC invocations=11 (full 3):
 PSYoungGen      total 271872K, used 0K [0x000000076b580000, 0x000000077f180000, 0x00000007c0000000)
  eden space 257536K, 0% used [0x000000076b580000,0x000000076b580000,0x000000077b100000)
  from space 14336K, 0% used [0x000000077e380000,0x000000077e380000,0x000000077f180000)
  to   space 11776K, 0% used [0x000000077b100000,0x000000077b100000,0x000000077bc80000)
 ParOldGen       total 184320K, used 20242K [0x00000006c2000000, 0x00000006cd400000, 0x000000076b580000)
  object space 184320K, 10% used [0x00000006c2000000,0x00000006c33c48b8,0x00000006cd400000)
 Metaspace       used 36600K, capacity 38153K, committed 38272K, reserved 1087488K
  class space    used 4893K, capacity 5223K, committed 5248K, reserved 1048576K
}

